<?xml version="1.0" encoding="UTF-8"?>
<!-- Generated by org.testng.reporters.JUnitReportReporter -->
<testsuite skipped="0" hostname="Airs-Air" name="test1.Login" tests="2" failures="0" timestamp="2022-09-05T22:29:50 EDT" time="24.123" errors="0">
  <testcase name="login" time="10.031" classname="test1.Login"/>
  <system-out/>
  <testcase name="login" time="14.092" classname="test1.Login"/>
  <system-out/>
</testsuite> <!-- test1.Login -->
