<?xml version="1.0" encoding="UTF-8"?>
<!-- Generated by org.testng.reporters.JUnitReportReporter -->
<testsuite skipped="0" hostname="Airs-Air" name="test1.Login" tests="2" failures="0" timestamp="2022-09-18T13:39:16 EDT" time="21.002" errors="0">
  <testcase name="login" time="12.316" classname="test1.Login"/>
  <system-out/>
  <testcase name="login" time="8.686" classname="test1.Login"/>
  <system-out/>
</testsuite> <!-- test1.Login -->
